Determining if the pthread_create exist failed with the following output:
Change Dir: /home/trevor/ROS/catkin_ws/build/CMakeFiles/CMakeTmp

Run Build Command:/usr/bin/make "cmTryCompileExec3252389665/fast"
/usr/bin/make -f CMakeFiles/cmTryCompileExec3252389665.dir/build.make CMakeFiles/cmTryCompileExec3252389665.dir/build
make[1]: Entering directory `/home/trevor/ROS/catkin_ws/build/CMakeFiles/CMakeTmp'
/usr/bin/cmake -E cmake_progress_report /home/trevor/ROS/catkin_ws/build/CMakeFiles/CMakeTmp/CMakeFiles 1
Building C object CMakeFiles/cmTryCompileExec3252389665.dir/CheckSymbolExists.c.o
/usr/bin/cc    -o CMakeFiles/cmTryCompileExec3252389665.dir/CheckSymbolExists.c.o   -c /home/trevor/ROS/catkin_ws/build/CMakeFiles/CMakeTmp/CheckSymbolExists.c
Linking C executable cmTryCompileExec3252389665
/usr/bin/cmake -E cmake_link_script CMakeFiles/cmTryCompileExec3252389665.dir/link.txt --verbose=1
/usr/bin/cc       CMakeFiles/cmTryCompileExec3252389665.dir/CheckSymbolExists.c.o  -o cmTryCompileExec3252389665 -rdynamic 
CMakeFiles/cmTryCompileExec3252389665.dir/CheckSymbolExists.c.o: In function `main':
CheckSymbolExists.c:(.text+0x16): undefined reference to `pthread_create'
collect2: error: ld returned 1 exit status
make[1]: Leaving directory `/home/trevor/ROS/catkin_ws/build/CMakeFiles/CMakeTmp'
make[1]: *** [cmTryCompileExec3252389665] Error 1
make: *** [cmTryCompileExec3252389665/fast] Error 2

File /home/trevor/ROS/catkin_ws/build/CMakeFiles/CMakeTmp/CheckSymbolExists.c:
/* */
#include <pthread.h>

int main(int argc, char** argv)
{
  (void)argv;
#ifndef pthread_create
  return ((int*)(&pthread_create))[argc];
#else
  (void)argc;
  return 0;
#endif
}

Determining if the function pthread_create exists in the pthreads failed with the following output:
Change Dir: /home/trevor/ROS/catkin_ws/build/CMakeFiles/CMakeTmp

Run Build Command:/usr/bin/make "cmTryCompileExec3617374280/fast"
/usr/bin/make -f CMakeFiles/cmTryCompileExec3617374280.dir/build.make CMakeFiles/cmTryCompileExec3617374280.dir/build
make[1]: Entering directory `/home/trevor/ROS/catkin_ws/build/CMakeFiles/CMakeTmp'
/usr/bin/cmake -E cmake_progress_report /home/trevor/ROS/catkin_ws/build/CMakeFiles/CMakeTmp/CMakeFiles 1
Building C object CMakeFiles/cmTryCompileExec3617374280.dir/CheckFunctionExists.c.o
/usr/bin/cc   -DCHECK_FUNCTION_EXISTS=pthread_create   -o CMakeFiles/cmTryCompileExec3617374280.dir/CheckFunctionExists.c.o   -c /usr/share/cmake-2.8/Modules/CheckFunctionExists.c
Linking C executable cmTryCompileExec3617374280
/usr/bin/cmake -E cmake_link_script CMakeFiles/cmTryCompileExec3617374280.dir/link.txt --verbose=1
/usr/bin/cc   -DCHECK_FUNCTION_EXISTS=pthread_create    CMakeFiles/cmTryCompileExec3617374280.dir/CheckFunctionExists.c.o  -o cmTryCompileExec3617374280 -rdynamic -lpthreads 
/usr/bin/ld: cannot find -lpthreads
collect2: error: ld returned 1 exit status
make[1]: *** [cmTryCompileExec3617374280] Error 1
make[1]: Leaving directory `/home/trevor/ROS/catkin_ws/build/CMakeFiles/CMakeTmp'
make: *** [cmTryCompileExec3617374280/fast] Error 2


Determining if the Q_WS_WIN exist failed with the following output:
Change Dir: /home/trevor/ROS/catkin_ws/build/CMakeFiles/CMakeTmp

Run Build Command:/usr/bin/make "cmTryCompileExec4231725471/fast"
/usr/bin/make -f CMakeFiles/cmTryCompileExec4231725471.dir/build.make CMakeFiles/cmTryCompileExec4231725471.dir/build
make[1]: Entering directory `/home/trevor/ROS/catkin_ws/build/CMakeFiles/CMakeTmp'
/usr/bin/cmake -E cmake_progress_report /home/trevor/ROS/catkin_ws/build/CMakeFiles/CMakeTmp/CMakeFiles 1
Building CXX object CMakeFiles/cmTryCompileExec4231725471.dir/CheckSymbolExists.cxx.o
/usr/bin/c++    -I/usr/include/qt4    -o CMakeFiles/cmTryCompileExec4231725471.dir/CheckSymbolExists.cxx.o -c /home/trevor/ROS/catkin_ws/build/CMakeFiles/CMakeTmp/CheckSymbolExists.cxx
/home/trevor/ROS/catkin_ws/build/CMakeFiles/CMakeTmp/CheckSymbolExists.cxx: In function ‘int main(int, char**)’:
/home/trevor/ROS/catkin_ws/build/CMakeFiles/CMakeTmp/CheckSymbolExists.cxx:8:19: error: ‘Q_WS_WIN’ was not declared in this scope
   return ((int*)(&Q_WS_WIN))[argc];
                   ^
make[1]: Leaving directory `/home/trevor/ROS/catkin_ws/build/CMakeFiles/CMakeTmp'
make[1]: *** [CMakeFiles/cmTryCompileExec4231725471.dir/CheckSymbolExists.cxx.o] Error 1
make: *** [cmTryCompileExec4231725471/fast] Error 2

File /home/trevor/ROS/catkin_ws/build/CMakeFiles/CMakeTmp/CheckSymbolExists.cxx:
/* */
#include <QtCore/qglobal.h>

int main(int argc, char** argv)
{
  (void)argv;
#ifndef Q_WS_WIN
  return ((int*)(&Q_WS_WIN))[argc];
#else
  (void)argc;
  return 0;
#endif
}

Determining if the Q_WS_QWS exist failed with the following output:
Change Dir: /home/trevor/ROS/catkin_ws/build/CMakeFiles/CMakeTmp

Run Build Command:/usr/bin/make "cmTryCompileExec1638136736/fast"
/usr/bin/make -f CMakeFiles/cmTryCompileExec1638136736.dir/build.make CMakeFiles/cmTryCompileExec1638136736.dir/build
make[1]: Entering directory `/home/trevor/ROS/catkin_ws/build/CMakeFiles/CMakeTmp'
/usr/bin/cmake -E cmake_progress_report /home/trevor/ROS/catkin_ws/build/CMakeFiles/CMakeTmp/CMakeFiles 1
Building CXX object CMakeFiles/cmTryCompileExec1638136736.dir/CheckSymbolExists.cxx.o
/usr/bin/c++    -I/usr/include/qt4    -o CMakeFiles/cmTryCompileExec1638136736.dir/CheckSymbolExists.cxx.o -c /home/trevor/ROS/catkin_ws/build/CMakeFiles/CMakeTmp/CheckSymbolExists.cxx
/home/trevor/ROS/catkin_ws/build/CMakeFiles/CMakeTmp/CheckSymbolExists.cxx: In function ‘int main(int, char**)’:
/home/trevor/ROS/catkin_ws/build/CMakeFiles/CMakeTmp/CheckSymbolExists.cxx:8:19: error: ‘Q_WS_QWS’ was not declared in this scope
   return ((int*)(&Q_WS_QWS))[argc];
                   ^
make[1]: Leaving directory `/home/trevor/ROS/catkin_ws/build/CMakeFiles/CMakeTmp'
make[1]: *** [CMakeFiles/cmTryCompileExec1638136736.dir/CheckSymbolExists.cxx.o] Error 1
make: *** [cmTryCompileExec1638136736/fast] Error 2

File /home/trevor/ROS/catkin_ws/build/CMakeFiles/CMakeTmp/CheckSymbolExists.cxx:
/* */
#include <QtCore/qglobal.h>

int main(int argc, char** argv)
{
  (void)argv;
#ifndef Q_WS_QWS
  return ((int*)(&Q_WS_QWS))[argc];
#else
  (void)argc;
  return 0;
#endif
}

Determining if the Q_WS_MAC exist failed with the following output:
Change Dir: /home/trevor/ROS/catkin_ws/build/CMakeFiles/CMakeTmp

Run Build Command:/usr/bin/make "cmTryCompileExec4054133494/fast"
/usr/bin/make -f CMakeFiles/cmTryCompileExec4054133494.dir/build.make CMakeFiles/cmTryCompileExec4054133494.dir/build
make[1]: Entering directory `/home/trevor/ROS/catkin_ws/build/CMakeFiles/CMakeTmp'
/usr/bin/cmake -E cmake_progress_report /home/trevor/ROS/catkin_ws/build/CMakeFiles/CMakeTmp/CMakeFiles 1
Building CXX object CMakeFiles/cmTryCompileExec4054133494.dir/CheckSymbolExists.cxx.o
/usr/bin/c++    -I/usr/include/qt4    -o CMakeFiles/cmTryCompileExec4054133494.dir/CheckSymbolExists.cxx.o -c /home/trevor/ROS/catkin_ws/build/CMakeFiles/CMakeTmp/CheckSymbolExists.cxx
/home/trevor/ROS/catkin_ws/build/CMakeFiles/CMakeTmp/CheckSymbolExists.cxx: In function ‘int main(int, char**)’:
/home/trevor/ROS/catkin_ws/build/CMakeFiles/CMakeTmp/CheckSymbolExists.cxx:8:19: error: ‘Q_WS_MAC’ was not declared in this scope
   return ((int*)(&Q_WS_MAC))[argc];
                   ^
make[1]: Leaving directory `/home/trevor/ROS/catkin_ws/build/CMakeFiles/CMakeTmp'
make[1]: *** [CMakeFiles/cmTryCompileExec4054133494.dir/CheckSymbolExists.cxx.o] Error 1
make: *** [cmTryCompileExec4054133494/fast] Error 2

File /home/trevor/ROS/catkin_ws/build/CMakeFiles/CMakeTmp/CheckSymbolExists.cxx:
/* */
#include <QtCore/qglobal.h>

int main(int argc, char** argv)
{
  (void)argv;
#ifndef Q_WS_MAC
  return ((int*)(&Q_WS_MAC))[argc];
#else
  (void)argc;
  return 0;
#endif
}

Determining if the include file pgm.h exists failed with the following output:
Change Dir: /home/trevor/ROS/catkin_ws/build/CMakeFiles/CMakeTmp

Run Build Command:/usr/bin/make "cmTryCompileExec431086549/fast"
/usr/bin/make -f CMakeFiles/cmTryCompileExec431086549.dir/build.make CMakeFiles/cmTryCompileExec431086549.dir/build
make[1]: Entering directory `/home/trevor/ROS/catkin_ws/build/CMakeFiles/CMakeTmp'
/usr/bin/cmake -E cmake_progress_report /home/trevor/ROS/catkin_ws/build/CMakeFiles/CMakeTmp/CMakeFiles 1
Building CXX object CMakeFiles/cmTryCompileExec431086549.dir/CheckIncludeFile.cxx.o
/usr/bin/c++    -Wno-deprecated    -o CMakeFiles/cmTryCompileExec431086549.dir/CheckIncludeFile.cxx.o -c /home/trevor/ROS/catkin_ws/build/CMakeFiles/CMakeTmp/CheckIncludeFile.cxx
/home/trevor/ROS/catkin_ws/build/CMakeFiles/CMakeTmp/CheckIncludeFile.cxx:1:17: fatal error: pgm.h: No such file or directory
 #include <pgm.h>
                 ^
compilation terminated.
make[1]: Leaving directory `/home/trevor/ROS/catkin_ws/build/CMakeFiles/CMakeTmp'
make[1]: *** [CMakeFiles/cmTryCompileExec431086549.dir/CheckIncludeFile.cxx.o] Error 1
make: *** [cmTryCompileExec431086549/fast] Error 2


